<?xml version="1.0" encoding="UTF-8"?>
<!-- Generated by org.testng.reporters.JUnitXMLReporter -->
<testsuite ignored="0" hostname="DESKTOP-I5RB4A6" failures="0" tests="4" name="Default test" time="0.145" errors="0" timestamp="2023-11-11T12:12:14 IST">
  <testcase classname="TestngXmls.Demo1" name="demo4" time="0.009"/>
  <testcase classname="TestngXmls.Demo1" name="demo5" time="0.007"/>
  <testcase classname="TestngXmls.Demo1" name="demo6" time="0.004"/>
  <testcase classname="TestngXmls.Demo1" name="demo8" time="0.005"/>
</testsuite> <!-- Default test -->
