<?xml version="1.0" encoding="UTF-8"?>
<!-- Generated by org.testng.reporters.JUnitXMLReporter -->
<testsuite ignored="0" hostname="DESKTOP-I5RB4A6" failures="0" tests="5" name="Test" time="19.006" errors="0" timestamp="2023-11-10T12:04:42 IST">
  <testcase classname="com.kareclouds.TestngXml" name="Login" time="18.859"/>
  <testcase classname="com.kareclouds.TestngXml" name="Uday" time="0.005"/>
  <testcase classname="com.kareclouds.TestngXml" name="jessi" time="0.02"/>
  <testcase classname="com.kareclouds.TestngXml" name="kalyani" time="0.004"/>
  <testcase classname="com.kareclouds.TestngXml" name="saharsh" time="0.003"/>
</testsuite> <!-- Test -->
